<?xml version="1.0" encoding="UTF-8"?>
<!-- Generated by org.testng.reporters.JUnitReportReporter -->
<testsuite name="SeleniumFirstProject.SeleniumWDFirstProject.ParellelTestExecutionInMethods" tests="3" time="0.031" ignored="0" failures="0" timestamp="02 Jul 2018 17:21:27 GMT" skipped="0" hostname="user-VAIO" errors="0">
  <testcase name="Test3" time="0.004" classname="SeleniumFirstProject.SeleniumWDFirstProject.ParellelTestExecutionInMethods"/>
  <testcase name="Test2" time="0.003" classname="SeleniumFirstProject.SeleniumWDFirstProject.ParellelTestExecutionInMethods"/>
  <testcase name="Test1" time="0.024" classname="SeleniumFirstProject.SeleniumWDFirstProject.ParellelTestExecutionInMethods"/>
</testsuite> <!-- SeleniumFirstProject.SeleniumWDFirstProject.ParellelTestExecutionInMethods -->
