<?xml version="1.0" encoding="UTF-8"?>
<!-- Generated by org.testng.reporters.JUnitReportReporter -->
<testsuite name="SeleniumFirstProject.SeleniumWDFirstProject.GoogleTest" tests="5" time="60.840" ignored="0" failures="0" timestamp="02 Jul 2018 16:13:49 GMT" skipped="0" hostname="user-VAIO" errors="0">
  <testcase name="googleLogoTest" time="14.187" classname="SeleniumFirstProject.SeleniumWDFirstProject.GoogleTest"/>
  <testcase name="getTitle" time="12.633" classname="SeleniumFirstProject.SeleniumWDFirstProject.GoogleTest"/>
  <testcase name="getTitle" time="8.766" classname="SeleniumFirstProject.SeleniumWDFirstProject.GoogleTest"/>
  <testcase name="gmailLinkTest" time="9.173" classname="SeleniumFirstProject.SeleniumWDFirstProject.GoogleTest"/>
  <testcase name="getTitle" time="16.081" classname="SeleniumFirstProject.SeleniumWDFirstProject.GoogleTest"/>
</testsuite> <!-- SeleniumFirstProject.SeleniumWDFirstProject.GoogleTest -->
