<?xml version="1.0" encoding="UTF-8"?>
<!-- Generated by org.testng.reporters.JUnitReportReporter -->
<testsuite name="SeleniumFirstProject.SeleniumWDFirstProject.GoogleTest" tests="1" time="0.056" ignored="3" failures="0" timestamp="02 Jul 2018 16:56:45 GMT" skipped="0" hostname="user-VAIO" errors="0">
  <testcase name="googleTest" time="0.056" classname="SeleniumFirstProject.SeleniumWDFirstProject.GoogleTest"/>
  <testcase name="googleLogoTest" classname="SeleniumFirstProject.SeleniumWDFirstProject.GoogleTest">
    <skipped/>
  </testcase> <!-- googleLogoTest -->
  <testcase name="getTitle" classname="SeleniumFirstProject.SeleniumWDFirstProject.GoogleTest">
    <skipped/>
  </testcase> <!-- getTitle -->
  <testcase name="gmailLinkTest" classname="SeleniumFirstProject.SeleniumWDFirstProject.GoogleTest">
    <skipped/>
  </testcase> <!-- gmailLinkTest -->
</testsuite> <!-- SeleniumFirstProject.SeleniumWDFirstProject.GoogleTest -->
