<?xml version="1.0" encoding="UTF-8"?>
<!-- Generated by org.testng.reporters.JUnitReportReporter -->
<testsuite name="SeleniumFirstProject.SeleniumWDFirstProject.testclass" tests="1" time="0.291" ignored="0" failures="0" timestamp="02 Jul 2018 20:22:44 GMT" skipped="0" hostname="user-VAIO" errors="0">
  <testcase name="readExcelData" time="0.291" classname="SeleniumFirstProject.SeleniumWDFirstProject.testclass"/>
</testsuite> <!-- SeleniumFirstProject.SeleniumWDFirstProject.testclass -->
