<?xml version="1.0" encoding="UTF-8"?>
<!-- Generated by org.testng.reporters.JUnitReportReporter -->
<testsuite name="SeleniumFirstProject.SeleniumWDFirstProject.ExceptionTimeOutTest" tests="2" time="0.006" ignored="0" failures="0" timestamp="02 Jul 2018 16:13:49 GMT" skipped="0" hostname="user-VAIO" errors="0">
  <testcase name="enableTest" time="0.003" classname="SeleniumFirstProject.SeleniumWDFirstProject.ExceptionTimeOutTest"/>
  <testcase name="NoFormatexceptionTest" time="0.003" classname="SeleniumFirstProject.SeleniumWDFirstProject.ExceptionTimeOutTest"/>
</testsuite> <!-- SeleniumFirstProject.SeleniumWDFirstProject.ExceptionTimeOutTest -->
