<?xml version="1.0" encoding="UTF-8"?>
<!-- Generated by org.testng.reporters.JUnitReportReporter -->
<testsuite name="SeleniumFirstProject.SeleniumWDFirstProject.TestNGConcept" tests="1" time="10.752" ignored="0" failures="0" timestamp="02 Jul 2018 16:13:49 GMT" skipped="0" hostname="user-VAIO" errors="0">
  <testcase name="login" time="10.752" classname="SeleniumFirstProject.SeleniumWDFirstProject.TestNGConcept"/>
</testsuite> <!-- SeleniumFirstProject.SeleniumWDFirstProject.TestNGConcept -->
