<?xml version="1.0" encoding="UTF-8"?>
<!-- Generated by org.testng.reporters.JUnitReportReporter -->
<testsuite name="SeleniumFirstProject.SeleniumWDFirstProject.DataDrivenWithIntegerType" tests="3" time="0.020" ignored="0" failures="0" timestamp="02 Jul 2018 20:58:27 GMT" skipped="0" hostname="user-VAIO" errors="0">
  <testcase name="gmailLogin" time="0.000" classname="SeleniumFirstProject.SeleniumWDFirstProject.DataDrivenWithIntegerType"/>
  <testcase name="gmailLogin" time="0.020" classname="SeleniumFirstProject.SeleniumWDFirstProject.DataDrivenWithIntegerType"/>
  <testcase name="gmailLogin" time="0.000" classname="SeleniumFirstProject.SeleniumWDFirstProject.DataDrivenWithIntegerType"/>
</testsuite> <!-- SeleniumFirstProject.SeleniumWDFirstProject.DataDrivenWithIntegerType -->
