<?xml version="1.0" encoding="UTF-8"?>
<!-- Generated by org.testng.reporters.JUnitReportReporter -->
<testsuite name="SeleniumFirstProject.SeleniumWDFirstProject.ParellelTestExecutionInClasses" tests="4" time="0.038" ignored="0" failures="0" timestamp="02 Jul 2018 17:21:27 GMT" skipped="0" hostname="user-VAIO" errors="0">
  <testcase name="Test7" time="0.002" classname="SeleniumFirstProject.SeleniumWDFirstProject.ParellelTestExecutionInClasses"/>
  <testcase name="Test4" time="0.024" classname="SeleniumFirstProject.SeleniumWDFirstProject.ParellelTestExecutionInClasses"/>
  <testcase name="Test5" time="0.009" classname="SeleniumFirstProject.SeleniumWDFirstProject.ParellelTestExecutionInClasses"/>
  <testcase name="Test6" time="0.003" classname="SeleniumFirstProject.SeleniumWDFirstProject.ParellelTestExecutionInClasses"/>
</testsuite> <!-- SeleniumFirstProject.SeleniumWDFirstProject.ParellelTestExecutionInClasses -->
