<?xml version="1.0" encoding="UTF-8"?>
<!-- Generated by org.testng.reporters.JUnitReportReporter -->
<testsuite name="SeleniumFirstProject.SeleniumWDFirstProject.TestNGConcept" tests="1" time="63.815" ignored="0" failures="0" timestamp="01 Jul 2018 17:19:09 GMT" skipped="0" hostname="user-VAIO" errors="0">
  <testcase name="login" time="63.815" classname="SeleniumFirstProject.SeleniumWDFirstProject.TestNGConcept"/>
</testsuite> <!-- SeleniumFirstProject.SeleniumWDFirstProject.TestNGConcept -->
