<?xml version="1.0" encoding="UTF-8"?>
<!-- Generated by org.testng.reporters.JUnitReportReporter -->
<testsuite name="SeleniumFirstProject.SeleniumWDFirstProject.TestNGConcept" tests="1" time="18.856" ignored="0" failures="0" timestamp="01 Jul 2018 12:49:38 GMT" skipped="0" hostname="user-VAIO" errors="0">
  <testcase name="login" time="18.856" classname="SeleniumFirstProject.SeleniumWDFirstProject.TestNGConcept"/>
</testsuite> <!-- SeleniumFirstProject.SeleniumWDFirstProject.TestNGConcept -->
